<?xml version="1.0" encoding="UTF-8"?>
<!-- Generated by org.testng.reporters.JUnitXMLReporter -->
<testsuite ignored="0" hostname="LAPTOP-JU22R066" failures="1" tests="2" name="Test2" time="12.432" errors="0" timestamp="2022-01-25T16:37:58 IST">
  <testcase classname="testNGScripts.ImmersiveTraining_GooglePageTest2" name="JavaSearchTestFailure" time="4.735">
    <failure type="java.lang.AssertionError" message="expected [Javatutorial - GoogleSearch] but found [Javatutorial - Google Search]">
      <![CDATA[java.lang.AssertionError: expected [Javatutorial - GoogleSearch] but found [Javatutorial - Google Search]
at testNGScripts.ImmersiveTraining_GooglePageTest2.JavaSearchTestFailure(ImmersiveTraining_GooglePageTest2.java:57)
at java.base/java.util.ArrayList.forEach(ArrayList.java:1511)
... Removed 33 stack frames]]>
    </failure>
  </testcase> <!-- JavaSearchTestFailure -->
  <testcase classname="testNGScripts.ImmersiveTraining_GooglePageTest2" name="JavaSearchTestSuccess" time="4.895"/>
</testsuite> <!-- Test2 -->
