<?xml version="1.0" encoding="UTF-8"?>
<testng-results ignored="0" total="2" passed="2" failed="0" skipped="0">
  <reporter-output>
  </reporter-output>
  <suite started-at="2022-01-27T05:58:03 IST" name="Suite" finished-at="2022-01-27T05:58:38 IST" duration-ms="34587">
    <groups>
    </groups>
    <test started-at="2022-01-27T05:58:03 IST" name="Test" finished-at="2022-01-27T05:58:38 IST" duration-ms="34587">
      <class name="testNGScripts.ImmersiveTraining_RegiWithDataProv">
        <test-method is-config="true" signature="setUp(java.lang.String)[pri:0, instance:testNGScripts.ImmersiveTraining_RegiWithDataProv@53ce1329]" started-at="2022-01-27T05:58:03 IST" name="setUp" finished-at="2022-01-27T05:58:07 IST" duration-ms="3536" status="PASS">
          <params>
            <param index="0">
              <value>
                <![CDATA[chrome]]>
              </value>
            </param>
          </params>
          <reporter-output>
          </reporter-output>
        </test-method> <!-- setUp -->
        <test-method signature="Registration(java.lang.String,java.lang.String,java.lang.String,java.lang.String,java.lang.String,java.lang.String)[pri:0, instance:testNGScripts.ImmersiveTraining_RegiWithDataProv@53ce1329]" started-at="2022-01-27T05:58:07 IST" name="Registration" data-provider="registerData" finished-at="2022-01-27T05:58:20 IST" duration-ms="12581" status="PASS">
          <params>
            <param index="0">
              <value>
                <![CDATA[Test1]]>
              </value>
            </param>
            <param index="1">
              <value>
                <![CDATA[Name1]]>
              </value>
            </param>
            <param index="2">
              <value>
                <![CDATA[test32022@gmail.com]]>
              </value>
            </param>
            <param index="3">
              <value>
                <![CDATA[9324234324]]>
              </value>
            </param>
            <param index="4">
              <value>
                <![CDATA[test1]]>
              </value>
            </param>
            <param index="5">
              <value>
                <![CDATA[test1]]>
              </value>
            </param>
          </params>
          <reporter-output>
          </reporter-output>
        </test-method> <!-- Registration -->
        <test-method is-config="true" signature="tearDown()[pri:0, instance:testNGScripts.ImmersiveTraining_RegiWithDataProv@53ce1329]" started-at="2022-01-27T05:58:20 IST" name="tearDown" finished-at="2022-01-27T05:58:22 IST" duration-ms="2295" status="PASS">
          <reporter-output>
          </reporter-output>
        </test-method> <!-- tearDown -->
        <test-method is-config="true" signature="setUp(java.lang.String)[pri:0, instance:testNGScripts.ImmersiveTraining_RegiWithDataProv@53ce1329]" started-at="2022-01-27T05:58:22 IST" name="setUp" finished-at="2022-01-27T05:58:23 IST" duration-ms="1550" status="PASS">
          <params>
            <param index="0">
              <value>
                <![CDATA[chrome]]>
              </value>
            </param>
          </params>
          <reporter-output>
          </reporter-output>
        </test-method> <!-- setUp -->
        <test-method signature="Registration(java.lang.String,java.lang.String,java.lang.String,java.lang.String,java.lang.String,java.lang.String)[pri:0, instance:testNGScripts.ImmersiveTraining_RegiWithDataProv@53ce1329]" started-at="2022-01-27T05:58:23 IST" name="Registration" data-provider="registerData" finished-at="2022-01-27T05:58:36 IST" duration-ms="12325" status="PASS">
          <params>
            <param index="0">
              <value>
                <![CDATA[Test2]]>
              </value>
            </param>
            <param index="1">
              <value>
                <![CDATA[Name2]]>
              </value>
            </param>
            <param index="2">
              <value>
                <![CDATA[test42022@gmail.com]]>
              </value>
            </param>
            <param index="3">
              <value>
                <![CDATA[9324234325]]>
              </value>
            </param>
            <param index="4">
              <value>
                <![CDATA[test2]]>
              </value>
            </param>
            <param index="5">
              <value>
                <![CDATA[test2]]>
              </value>
            </param>
          </params>
          <reporter-output>
          </reporter-output>
        </test-method> <!-- Registration -->
        <test-method is-config="true" signature="tearDown()[pri:0, instance:testNGScripts.ImmersiveTraining_RegiWithDataProv@53ce1329]" started-at="2022-01-27T05:58:36 IST" name="tearDown" finished-at="2022-01-27T05:58:38 IST" duration-ms="2186" status="PASS">
          <reporter-output>
          </reporter-output>
        </test-method> <!-- tearDown -->
      </class> <!-- testNGScripts.ImmersiveTraining_RegiWithDataProv -->
    </test> <!-- Test -->
  </suite> <!-- Suite -->
</testng-results>
